<?xml version="1.0" encoding="UTF-8"?>
<testsuite name="com.hdfc.gradle.AppTest" tests="1" skipped="0" failures="0" errors="0" timestamp="2022-08-20T07:46:37" hostname="hdfcs-MacBook-Pro-5.local" time="0.004">
  <properties/>
  <testcase name="appHasAGreeting" classname="com.hdfc.gradle.AppTest" time="0.004"/>
  <system-out><![CDATA[]]></system-out>
  <system-err><![CDATA[]]></system-err>
</testsuite>
